[0:44:1] Network loop started on 00:e9:3a:c4:5d:c9
[0:44:1] NEW NEIGHBOR: 28:69:50:40:00:26
[0:44:2] NEW NEIGHBOR: 28:69:51:40:00:26
[0:44:2] NEW NEIGHBOR: 34:9a:d9:40:00:38
[0:44:2] NEW NEIGHBOR: 00:06:04:00:01:10
[0:44:7] NEW NEIGHBOR: 00:06:04:00:01:bc
[0:44:7] NEW NEIGHBOR: 00:06:04:00:01:8c
[0:44:10] NEW NEIGHBOR: 34:4a:db:40:00:38
[0:44:10] NEW NEIGHBOR: 34:75:0d:40:00:38
[0:44:11] NEW NEIGHBOR: 49:69:52:40:00:26
[0:44:12] NEW NEIGHBOR: 28:69:53:40:00:26
[0:44:12] NEW NEIGHBOR: 28:69:54:40:00:26
[0:44:21] NEW NEIGHBOR: 49:69:55:40:00:26
[0:44:22] NEW NEIGHBOR: 28:69:56:40:00:26
[0:44:22] NEW NEIGHBOR: 28:69:57:40:00:26
[0:44:27] NEW NEIGHBOR: 28:7d:72:40:00:36
[0:44:31] NEW NEIGHBOR: 49:69:58:40:00:26
[0:44:31] NEW NEIGHBOR: 28:69:59:40:00:26
[0:44:32] NEW NEIGHBOR: 28:69:5a:40:00:26
[0:44:40] NEW NEIGHBOR: 1f:06:a8:00:00:40
[0:44:40] NEW NEIGHBOR: 2a:d1:4d:40:00:01
[0:44:41] NEW NEIGHBOR: 1f:d1:4f:40:00:01
[0:44:41] NEW NEIGHBOR: 28:7d:73:40:00:36
[0:44:41] NEW NEIGHBOR: 28:7d:74:40:00:36
[0:44:42] NEW NEIGHBOR: 4f:7d:75:40:00:36
[0:44:42] NEW NEIGHBOR: f9:7d:76:40:00:36
[0:44:42] NEW NEIGHBOR: 5c:06:bc:00:00:40
[0:44:42] NEW NEIGHBOR: 28:7d:77:40:00:36
[0:44:42] NEW NEIGHBOR: 28:7d:78:40:00:36
[0:44:43] NEW NEIGHBOR: 28:7d:79:40:00:36
[0:44:43] NEW NEIGHBOR: 1f:d2:c2:40:00:01
[0:44:43] NEW NEIGHBOR: 80:7d:7a:40:00:36
[0:44:43] NEW NEIGHBOR: 47:7d:7b:40:00:36
[0:44:43] NEW NEIGHBOR: 49:69:5b:40:00:26
[0:44:44] NEW NEIGHBOR: 28:7d:7c:40:00:36
[0:44:44] NEW NEIGHBOR: 28:69:5c:40:00:26
[0:44:44] NEW NEIGHBOR: 28:69:5d:40:00:26
[0:44:45] NEW NEIGHBOR: 92:07:48:00:00:40
[0:44:45] NEW NEIGHBOR: 69:07:49:00:00:40
[0:44:45] NEW NEIGHBOR: 92:d8:c5:40:00:01
[0:44:45] NEW NEIGHBOR: 69:d8:c6:40:00:01
[0:44:46] NEW NEIGHBOR: cc:00:00:40:00:38
[0:44:46] NEW NEIGHBOR: cc:00:01:40:00:38
[0:44:47] NEW NEIGHBOR: 02:00:00:40:00:38
[0:44:47] NEW NEIGHBOR: 34:00:01:40:00:38
[0:44:47] NEW NEIGHBOR: 34:00:00:40:00:38
[0:44:47] NEW NEIGHBOR: 4d:00:00:40:00:38
[0:44:47] NEW NEIGHBOR: 98:00:01:40:00:38
[0:44:48] NEW NEIGHBOR: 38:00:00:40:00:38
[0:44:48] NEW NEIGHBOR: 64:07:4b:00:00:40
[0:44:49] NEW NEIGHBOR: 64:d9:9c:40:00:01
[0:44:49] NEW NEIGHBOR: 8d:07:4c:00:00:40
[0:44:49] NEW NEIGHBOR: 8d:d9:9d:40:00:01
[0:44:49] NEW NEIGHBOR: 87:07:4d:00:00:40
[0:44:49] NEW NEIGHBOR: 87:d9:9e:40:00:01
[0:44:50] NEW NEIGHBOR: 5e:07:4e:00:00:40
[0:44:50] NEW NEIGHBOR: 5e:d9:a2:40:00:01
[0:44:51] NEW NEIGHBOR: 01:00:00:40:00:38
[0:44:53] NEW NEIGHBOR: f1:00:00:40:00:38
[0:44:53] NEW NEIGHBOR: cc:00:02:40:00:38
[0:44:53] NEW NEIGHBOR: cc:00:03:40:00:38
[0:44:53] NEW NEIGHBOR: cc:00:04:40:00:38
[0:44:53] NEW NEIGHBOR: cc:00:05:40:00:38
[0:44:53] NEW NEIGHBOR: cc:00:06:40:00:38
[0:44:54] NEW NEIGHBOR: cc:00:07:40:00:38
[0:44:54] NEW NEIGHBOR: cc:00:08:40:00:38
[0:44:54] NEW NEIGHBOR: 86:00:09:40:00:38
[0:44:54] NEW NEIGHBOR: 19:00:00:40:00:38
[0:44:55] NEW NEIGHBOR: 65:00:00:40:00:38
[0:44:56] NEW NEIGHBOR: cc:00:09:40:00:38
[0:44:57] NEW NEIGHBOR: 86:00:07:40:00:38
[0:44:59] NEW NEIGHBOR: 86:07:55:00:00:40
[0:44:59] NEW NEIGHBOR: 86:da:26:40:00:01
[0:44:59] NEW NEIGHBOR: 5d:07:56:00:00:40
[0:44:59] NEW NEIGHBOR: 5d:da:2b:40:00:01
[0:44:59] NEW NEIGHBOR: 33:00:00:40:00:38
[0:44:59] NEW NEIGHBOR: a1:00:00:40:00:38
[0:45:0] NEW NEIGHBOR: 87:07:8d:00:00:40
[0:45:0] NEW NEIGHBOR: 87:dd:dc:40:00:01
[0:45:1] NEW NEIGHBOR: 34:9a:da:40:00:38
[0:45:1] NEW NEIGHBOR: 5b:0b:bd:40:00:38
[0:45:2] NEW NEIGHBOR: 49:69:5e:40:00:26
[0:45:2] NEW NEIGHBOR: 28:7d:7d:40:00:36
[0:45:2] NEW NEIGHBOR: 28:7d:7e:40:00:36
[0:45:2] NEW NEIGHBOR: 4f:7d:7f:40:00:36
[0:45:3] NEW NEIGHBOR: 46:7d:80:40:00:36
[0:45:3] NEW NEIGHBOR: 28:69:5f:40:00:26
[0:45:3] NEW NEIGHBOR: 28:69:60:40:00:26
[0:45:3] NEW NEIGHBOR: 28:7d:81:40:00:36
[0:45:3] NEW NEIGHBOR: 28:7d:82:40:00:36
[0:45:3] NEW NEIGHBOR: 28:7d:83:40:00:36
[0:45:4] NEW NEIGHBOR: 63:7d:84:40:00:36
[0:45:4] NEW NEIGHBOR: 47:7d:85:40:00:36
[0:45:4] NEW NEIGHBOR: 28:7d:86:40:00:36
[0:45:5] NEW NEIGHBOR: 49:69:61:40:00:26
[0:45:5] NEW NEIGHBOR: 28:69:63:40:00:26
[0:45:6] NEW NEIGHBOR: 24:00:00:40:00:38
[0:45:11] NEW NEIGHBOR: 49:69:64:40:00:26
[0:45:12] NEW NEIGHBOR: 28:69:65:40:00:26
[0:45:16] NEW NEIGHBOR: 34:9a:db:40:00:38
[0:45:17] NEW NEIGHBOR: 34:9a:dc:40:00:38
[0:45:17] NEW NEIGHBOR: 34:9a:dd:40:00:38
[0:45:17] NEW NEIGHBOR: 34:9a:de:40:00:38
[0:45:17] NEW NEIGHBOR: 5b:9a:df:40:00:38
[0:45:17] NEW NEIGHBOR: 34:9a:e0:40:00:38
[0:45:17] NEW NEIGHBOR: ad:0a:ce:00:00:40
[0:45:17] NEW NEIGHBOR: ad:e8:2f:40:00:01
[0:45:18] NEW NEIGHBOR: 87:0a:f3:00:00:40
[0:45:18] NEW NEIGHBOR: 87:e9:5e:40:00:01
[0:45:20] NEW NEIGHBOR: 28:7d:87:40:00:36
[0:45:21] NEW NEIGHBOR: 28:7d:88:40:00:36
[0:45:21] NEW NEIGHBOR: 4f:7d:89:40:00:36
[0:45:21] NEW NEIGHBOR: 50:0a:fa:00:00:40
[0:45:21] NEW NEIGHBOR: 50:0a:fb:00:00:40
[0:45:22] NEW NEIGHBOR: 4f:0a:fc:00:00:40
[0:45:22] NEW NEIGHBOR: 50:e9:a9:40:00:01
[0:45:22] NEW NEIGHBOR: 50:e9:aa:40:00:01
[0:45:22] NEW NEIGHBOR: 4f:e9:ab:40:00:01
[0:45:22] NEW NEIGHBOR: 5c:0a:fd:00:00:40
[0:45:22] NEW NEIGHBOR: 5c:e9:ac:40:00:01
[0:45:23] NEW NEIGHBOR: 67:e9:ad:40:00:01
[0:45:23] NEW NEIGHBOR: a7:9a:e1:40:00:38
[0:45:23] NEW NEIGHBOR: 0b:9a:e2:40:00:38
[0:45:23] NEW NEIGHBOR: 53:9a:e3:40:00:38
[0:45:24] NEW NEIGHBOR: 5b:0b:03:00:00:40
[0:45:24] NEW NEIGHBOR: 5b:e9:b4:40:00:01
[0:45:24] NEW NEIGHBOR: 5c:0b:04:00:00:40
[0:45:24] NEW NEIGHBOR: 5c:e9:b5:40:00:01
[0:45:25] NEW NEIGHBOR: 50:0b:05:00:00:40
[0:45:25] NEW NEIGHBOR: 66:e9:b6:40:00:01
[0:45:25] NEW NEIGHBOR: 50:e9:b7:40:00:01
[0:45:25] NEW NEIGHBOR: 50:0b:06:00:00:40
[0:45:25] NEW NEIGHBOR: 50:e9:b9:40:00:01
[0:45:25] NEW NEIGHBOR: 5c:0b:07:00:00:40
[0:45:26] NEW NEIGHBOR: 5c:e9:bb:40:00:01
[0:45:26] NEW NEIGHBOR: 67:e9:bc:40:00:01
[0:45:26] NEW NEIGHBOR: 67:e9:bd:40:00:01
[0:45:27] NEW NEIGHBOR: 5c:0b:08:00:00:40
[0:45:27] NEW NEIGHBOR: 5c:e9:be:40:00:01
[0:45:27] NEW NEIGHBOR: 67:e9:bf:40:00:01
[0:45:28] NEW NEIGHBOR: 34:9a:e4:40:00:38
[0:45:28] NEW NEIGHBOR: 34:9a:e5:40:00:38
[0:45:28] NEW NEIGHBOR: 34:9a:e6:40:00:38
[0:45:28] NEW NEIGHBOR: 34:9a:e7:40:00:38
[0:45:28] NEW NEIGHBOR: f0:7d:8a:40:00:36
[0:45:29] NEW NEIGHBOR: 28:7d:8b:40:00:36
[0:45:29] NEW NEIGHBOR: 28:7d:8c:40:00:36
[0:45:29] NEW NEIGHBOR: 28:7d:8d:40:00:36
[0:45:29] NEW NEIGHBOR: 28:7d:8e:40:00:36
[0:45:29] NEW NEIGHBOR: 34:7d:8f:40:00:36
[0:45:29] NEW NEIGHBOR: e2:7d:90:40:00:36
[0:45:30] NEW NEIGHBOR: 8f:9a:e8:40:00:38
[0:45:30] NEW NEIGHBOR: ca:9a:e9:40:00:38
[0:45:30] NEW NEIGHBOR: 53:9a:ea:40:00:38
[0:45:30] NEW NEIGHBOR: 28:7d:91:40:00:36
[0:45:30] NEW NEIGHBOR: 28:7d:92:40:00:36
[0:45:30] NEW NEIGHBOR: 28:7d:93:40:00:36
[0:45:31] NEW NEIGHBOR: 78:ec:15:40:00:01
[0:45:31] NEW NEIGHBOR: 4d:7d:94:40:00:36
[0:45:31] NEW NEIGHBOR: 47:7d:95:40:00:36
[0:45:31] NEW NEIGHBOR: 28:7d:96:40:00:36
[0:45:31] NEW NEIGHBOR: 64:7d:97:40:00:36
[0:45:31] NEW NEIGHBOR: 47:7d:98:40:00:36
[0:45:32] NEW NEIGHBOR: 34:00:00:40:00:28
[0:45:32] NEW NEIGHBOR: 34:00:00:40:00:29
[0:45:33] NEW NEIGHBOR: 28:fa:45:40:00:28
[0:45:33] NEW NEIGHBOR: 90:fa:46:40:00:28
[0:45:33] NEW NEIGHBOR: c0:fa:48:40:00:28
[0:45:33] NEW NEIGHBOR: 67:fa:49:40:00:28
[0:45:34] NEW NEIGHBOR: 28:39:0a:40:00:29
[0:45:34] NEW NEIGHBOR: dc:39:0b:40:00:29
[0:45:34] NEW NEIGHBOR: dc:39:0c:40:00:29
[0:45:34] NEW NEIGHBOR: c0:39:0d:40:00:29
[0:45:35] NEW NEIGHBOR: 67:39:0e:40:00:29
[0:45:35] NEW NEIGHBOR: 34:9a:eb:40:00:38
[0:45:36] NEW NEIGHBOR: 34:9a:ec:40:00:38
[0:45:36] NEW NEIGHBOR: 28:7d:99:40:00:36
[0:45:36] NEW NEIGHBOR: 27:fa:4a:40:00:28
[0:45:36] NEW NEIGHBOR: 27:fa:4b:40:00:28
[0:45:36] NEW NEIGHBOR: 28:fa:4c:40:00:28
[0:45:36] NEW NEIGHBOR: 28:7d:9a:40:00:36
[0:45:36] NEW NEIGHBOR: 28:fa:4d:40:00:28
[0:45:36] NEW NEIGHBOR: 28:7d:9b:40:00:36
[0:45:36] NEW NEIGHBOR: 1e:fa:4e:40:00:28
[0:45:37] NEW NEIGHBOR: 43:fa:4f:40:00:28
[0:45:37] NEW NEIGHBOR: 27:39:0f:40:00:29
[0:45:37] NEW NEIGHBOR: 27:39:10:40:00:29
[0:45:37] NEW NEIGHBOR: ad:9a:ed:40:00:38
[0:45:37] NEW NEIGHBOR: 68:9a:ee:40:00:38
[0:45:37] NEW NEIGHBOR: 64:7d:9c:40:00:36
[0:45:37] NEW NEIGHBOR: 47:7d:9d:40:00:36
[0:45:38] NEW NEIGHBOR: c1:9a:ef:40:00:38
[0:45:38] NEW NEIGHBOR: f4:9a:f0:40:00:38
[0:45:38] NEW NEIGHBOR: 34:9a:f3:40:00:38
[0:45:38] NEW NEIGHBOR: 34:9a:f9:40:00:38
[0:45:38] NEW NEIGHBOR: 9f:9a:fc:40:00:38
[0:45:38] NEW NEIGHBOR: a9:9b:03:40:00:38
[0:45:39] NEW NEIGHBOR: b7:0b:b8:00:00:40
[0:45:39] NEW NEIGHBOR: 4b:0b:ba:00:00:40
[0:45:39] NEW NEIGHBOR: 3c:00:00:40:00:2d
[0:45:39] NEW NEIGHBOR: 1e:32:c2:40:00:2d
[0:45:39] NEW NEIGHBOR: 28:fa:50:40:00:28
[0:45:39] NEW NEIGHBOR: 34:15:73:40:00:2d
[0:45:40] NEW NEIGHBOR: 34:7d:a7:40:00:36
[0:45:40] NEW NEIGHBOR: 47:7d:a8:40:00:36
[0:45:40] NEW NEIGHBOR: 4c:7d:c0:40:00:36
[0:45:40] NEW NEIGHBOR: 69:7d:e1:40:00:36
[0:45:40] NEW NEIGHBOR: d3:9b:29:40:00:38
[0:45:41] NEW NEIGHBOR: d1:9b:2a:40:00:38
[0:45:41] NEW NEIGHBOR: d1:9b:2d:40:00:38
[0:45:41] NEW NEIGHBOR: 69:7d:f7:40:00:36
[0:45:41] NEW NEIGHBOR: d5:9b:30:40:00:38
[0:45:41] NEW NEIGHBOR: d8:9b:31:40:00:38
[0:45:41] NEW NEIGHBOR: d1:9b:32:40:00:38
[0:45:41] NEW NEIGHBOR: 7a:9b:34:40:00:38
[0:45:41] NEW NEIGHBOR: da:9b:36:40:00:38
[0:45:41] NEW NEIGHBOR: d1:9b:37:40:00:38
[0:45:42] NEW NEIGHBOR: d1:9b:3a:40:00:38
[0:45:42] NEW NEIGHBOR: d3:9b:3b:40:00:38
[0:45:42] NEW NEIGHBOR: d4:9b:3c:40:00:38
[0:45:42] NEW NEIGHBOR: d7:9b:3e:40:00:38
[0:45:42] NEW NEIGHBOR: d2:9b:3f:40:00:38
[0:45:42] NEW NEIGHBOR: d4:9b:46:40:00:38
[0:45:42] NEW NEIGHBOR: d2:9b:47:40:00:38
[0:45:43] NEW NEIGHBOR: d2:9b:48:40:00:38
[0:45:43] NEW NEIGHBOR: d2:9b:49:40:00:38
[0:45:43] NEW NEIGHBOR: d2:9b:4b:40:00:38
[0:45:43] NEW NEIGHBOR: d4:9b:4e:40:00:38
[0:45:43] NEW NEIGHBOR: 28:7d:fc:40:00:36
[0:45:43] NEW NEIGHBOR: d1:9b:55:40:00:38
[0:45:43] NEW NEIGHBOR: d3:9b:59:40:00:38
[0:45:43] NEW NEIGHBOR: d2:9b:5f:40:00:38
[0:45:43] NEW NEIGHBOR: d1:9b:64:40:00:38
[0:45:43] NEW NEIGHBOR: d1:9b:6c:40:00:38
[0:45:44] NEW NEIGHBOR: d5:9b:75:40:00:38
[0:45:44] NEW NEIGHBOR: d5:9b:7d:40:00:38
[0:45:44] NEW NEIGHBOR: d3:9b:8a:40:00:38
[0:45:44] NEW NEIGHBOR: d3:9b:a3:40:00:38
[0:45:44] NEW NEIGHBOR: d3:9b:c6:40:00:38
[0:45:44] NEW NEIGHBOR: d5:9b:cf:40:00:38
[0:45:44] NEW NEIGHBOR: d3:9b:d5:40:00:38
[0:45:44] NEW NEIGHBOR: d2:9b:da:40:00:38
[0:45:45] NEW NEIGHBOR: d3:9b:e2:40:00:38
[0:45:45] NEW NEIGHBOR: 3c:00:00:40:00:ec
[0:45:45] NEW NEIGHBOR: d9:9b:f1:40:00:38
[0:45:45] NEW NEIGHBOR: d3:9b:f5:40:00:38
[0:45:45] NEW NEIGHBOR: d2:9b:f9:40:00:38
[0:45:45] NEW NEIGHBOR: df:9c:00:40:00:38
[0:45:45] NEW NEIGHBOR: d5:9c:04:40:00:38
[0:45:45] NEW NEIGHBOR: d9:9c:09:40:00:38
[0:45:45] NEW NEIGHBOR: d4:9c:0c:40:00:38
[0:45:46] NEW NEIGHBOR: d2:9c:11:40:00:38
[0:45:46] NEW NEIGHBOR: d4:9c:16:40:00:38
[0:45:46] NEW NEIGHBOR: d7:9c:1d:40:00:38
[0:45:46] NEW NEIGHBOR: d6:9c:24:40:00:38
[0:45:46] NEW NEIGHBOR: d3:9c:25:40:00:38
[0:45:46] NEW NEIGHBOR: d5:9c:26:40:00:38
[0:45:46] NEW NEIGHBOR: d5:9c:2c:40:00:38
[0:45:47] NEW NEIGHBOR: d4:9c:2d:40:00:38
[0:45:47] NEW NEIGHBOR: d5:9c:34:40:00:38
[0:45:47] NEW NEIGHBOR: d5:9c:3a:40:00:38
[0:45:47] NEW NEIGHBOR: d3:9c:40:40:00:38
[0:45:47] NEW NEIGHBOR: d3:9c:46:40:00:38
[0:45:47] NEW NEIGHBOR: d5:9c:4a:40:00:38
[0:45:47] NEW NEIGHBOR: d9:9c:50:40:00:38
[0:45:47] NEW NEIGHBOR: d6:9c:57:40:00:38
[0:45:47] NEW NEIGHBOR: da:9c:58:40:00:38
[0:45:48] NEW NEIGHBOR: d8:9c:6a:40:00:38
[0:45:48] NEW NEIGHBOR: d8:9c:7a:40:00:38
[0:45:48] NEW NEIGHBOR: d6:9c:7b:40:00:38
[0:45:48] NEW NEIGHBOR: d6:9c:7c:40:00:38
[0:45:48] NEW NEIGHBOR: d9:9c:7d:40:00:38
[0:45:48] NEW NEIGHBOR: d4:9c:a2:40:00:38
[0:45:48] NEW NEIGHBOR: d4:9c:a3:40:00:38
[0:45:48] NEW NEIGHBOR: d6:9c:a4:40:00:38
[0:45:49] NEW NEIGHBOR: d4:9c:c2:40:00:38
[0:45:49] NEW NEIGHBOR: ee:9c:ce:40:00:38
[0:45:49] NEW NEIGHBOR: 5a:9c:d0:40:00:38
[0:45:49] NEW NEIGHBOR: 64:7e:0c:40:00:36
[0:45:50] NEW NEIGHBOR: 28:7e:0e:40:00:36
[0:45:50] NEW NEIGHBOR: e7:7e:10:40:00:36
[0:45:50] NEW NEIGHBOR: 47:7e:11:40:00:36
[0:45:50] NEW NEIGHBOR: 28:7e:15:40:00:36
[0:45:50] NEW NEIGHBOR: 4d:7e:28:40:00:36
[0:45:50] NEW NEIGHBOR: 5b:7e:42:40:00:36
[0:45:51] NEW NEIGHBOR: 4d:7e:46:40:00:36
[0:45:51] NEW NEIGHBOR: 47:7e:47:40:00:36
[0:45:51] NEW NEIGHBOR: 4d:7e:48:40:00:36
[0:45:51] NEW NEIGHBOR: 47:7e:49:40:00:36
[0:45:51] NEW NEIGHBOR: 4c:7e:4a:40:00:36
[0:45:51] NEW NEIGHBOR: 47:7e:4b:40:00:36
[0:45:52] NEW NEIGHBOR: 4c:7e:4c:40:00:36
[0:45:52] NEW NEIGHBOR: 81:7e:4e:40:00:36
[0:45:52] NEW NEIGHBOR: 47:7e:4f:40:00:36
[0:45:52] NEW NEIGHBOR: 9a:7e:50:40:00:36
[0:45:52] NEW NEIGHBOR: 47:7e:51:40:00:36
[0:45:52] NEW NEIGHBOR: 4c:7e:52:40:00:36
[0:45:54] NEW NEIGHBOR: 28:7e:58:40:00:36
[0:45:54] NEW NEIGHBOR: fa:7e:59:40:00:36
[0:45:55] NEW NEIGHBOR: 28:7e:5a:40:00:36
[0:45:55] NEW NEIGHBOR: 28:7e:5b:40:00:36
[0:45:55] Network loop stopped.
